Arguments: 
  C:\Program Files\nodejs\node.exe C:\Program Files\nodejs\node_modules\yarn\bin\yarn.js add date-fns@2.30.0

PATH: 
  C:\Users\Pearl\bin;C:\Program Files\Git\mingw64\bin;C:\Program Files\Git\usr\local\bin;C:\Program Files\Git\usr\bin;C:\Program Files\Git\usr\bin;C:\Program Files\Git\mingw64\bin;C:\Program Files\Git\usr\bin;C:\Users\Pearl\bin;C:\Windows\system32;C:\Windows;C:\Windows\System32\Wbem;C:\Windows\System32\WindowsPowerShell\v1.0;C:\Windows\System32\OpenSSH;C:\Program Files\Git\cmd;C:\Users\Pearl\AppData\Roaming\nvm;C:\Program Files\nodejs;C:\Program Files\Microsoft VS Code\bin;C:\Users\Pearl\AppData\Local\Microsoft\WindowsApps;C:\ffmpeg\bin;C:\Users\Pearl\AppData\Roaming\nvm;C:\Program Files\nodejs;C:\Program Files\Git\usr\bin\vendor_perl;C:\Program Files\Git\usr\bin\core_perl

Yarn version: 
  1.22.19

Node version: 
  16.20.2

Platform: 
  win32 x64

Trace: 
  Error: EPERM: operation not permitted, unlink 'C:\Users\Pearl\AppData\Local\Yarn\Cache\v6\npm-react-icons-4.12.0-54806159a966961bfd5cdb26e492f4dafd6a8d78-integrity\node_modules\react-icons\.yarn-tarball.tgz'

npm manifest: 
  {
    "name": "boiler-plate-app",
    "version": "1.0.0",
    "description": "",
    "main": "index-popup.js",
    "scripts": {
      "test": "echo \"Error: no test specified\" && exit 1",
      "build:prod": "webpack-dev-server",
      "build": "webpack --mode=production"
    },
    "keywords": [],
    "author": "",
    "license": "ISC",
    "dependencies": {
      "@ant-design/icons": "^5.2.6",
      "@ffmpeg/core": "^0.11.0",
      "@ffmpeg/ffmpeg": "^0.11.5",
      "antd": "^5.11.0",
      "autoprefixer": "^10.4.16",
      "css-loader": "^6.8.1",
      "fabric": "^5.3.0",
      "postcss": "^8.4.31",
      "postcss-loader": "^7.3.3",
      "prop-types": "^15.8.1",
      "react": "^16.13.1",
      "react-compound-slider": "^3.4.0",
      "react-dom": "^16.13.1",
      "react-draggable": "^4.4.6",
      "react-icons": "^4.11.0",
      "react-image-crop": "^10.1.8",
      "react-router-dom": "^5.2.0",
      "style-loader": "^3.3.3",
      "tailwindcss": "^3.3.5",
      "webpack-cli": "^5.1.4",
      "webpack-dev-server": "^4.15.1"
    },
    "devDependencies": {
      "@babel/core": "^7.11.6",
      "@babel/plugin-proposal-class-properties": "^7.10.4",
      "@babel/preset-env": "^7.11.5",
      "@babel/preset-react": "^7.10.4",
      "@webpack-cli/serve": "^2.0.5",
      "babel-loader": "^8.1.0",
      "clean-webpack-plugin": "^3.0.0",
      "copy-webpack-plugin": "^6.1.1",
      "cssnano": "^6.0.1",
      "html-loader": "^1.3.0",
      "html-webpack-plugin": "^5.5.3",
      "json5": "^2.2.3",
      "json5-loader": "^4.0.1",
      "mini-css-extract-plugin": "^2.7.6",
      "path": "^0.12.7",
      "webpack": "^5.89.0"
    }
  }

yarn manifest: 
  No manifest

Lockfile: 
  No lockfile
